<?xml version="1.0" encoding="UTF-8"?>
<!-- Generated by org.testng.reporters.JUnitXMLReporter -->
<testsuite ignored="0" hostname="DESKTOP-O1QSD0A" failures="1" tests="1" name="BankingApp Test(failed)" time="9.562" errors="0" timestamp="25 Sep 2021 10:08:44 GMT">
  <testcase classname="com.ebanking.testcases.TC_Logintest_001" name="Logintest" time="3.286">
    <failure type="java.lang.AssertionError" message="expected [true] but found [false]">
      <![CDATA[java.lang.AssertionError: expected [true] but found [false]
at com.ebanking.testcases.TC_Logintest_001.Logintest(TC_Logintest_001.java:42)
... Removed 29 stack frames]]>
    </failure>
  </testcase> <!-- Logintest -->
</testsuite> <!-- BankingApp Test(failed) -->
